<?xml version="1.0" encoding="UTF-8"?>
<robot generator="Robot 7.0 (Python 3.12.1 on win32)" generated="2026-04-25T22:50:38.568764" rpa="false" schemaversion="5">
<suite id="s1" name="Robot Project" source="F:\telechargement\robot_project">
<suite id="s1-s1" name="Tests" source="F:\telechargement\robot_project\tests">
<suite id="s1-s1-s1" name="Login Test" source="F:\telechargement\robot_project\tests\login_test.robot">
<test id="s1-s1-s1-t1" name="Login valide" line="11">
<kw name="Se connecter au site" owner="base_page" type="SETUP">
<if>
<branch type="IF" condition="'${BROWSER}' == 'chrome'">
<kw name="Evaluate" owner="BuiltIn">
<var>${options}</var>
<arg>__import__('selenium.webdriver').webdriver.ChromeOptions()</arg>
<doc>Evaluates the given expression in Python and returns the result.</doc>
<status status="NOT RUN" start="2026-04-25T22:50:39.438906" elapsed="0.000000"/>
</kw>
<kw name="Call Method" owner="BuiltIn">
<arg>${options}</arg>
<arg>add_argument</arg>
<arg>--headless</arg>
<doc>Calls the named method of the given object with the provided arguments.</doc>
<status status="NOT RUN" start="2026-04-25T22:50:39.439963" elapsed="0.000000"/>
</kw>
<kw name="Call Method" owner="BuiltIn">
<arg>${options}</arg>
<arg>add_argument</arg>
<arg>--no-sandbox</arg>
<doc>Calls the named method of the given object with the provided arguments.</doc>
<status status="NOT RUN" start="2026-04-25T22:50:39.439963" elapsed="0.000000"/>
</kw>
<kw name="Call Method" owner="BuiltIn">
<arg>${options}</arg>
<arg>add_argument</arg>
<arg>--disable-dev-shm-usage</arg>
<doc>Calls the named method of the given object with the provided arguments.</doc>
<status status="NOT RUN" start="2026-04-25T22:50:39.442508" elapsed="0.000000"/>
</kw>
<kw name="Call Method" owner="BuiltIn">
<arg>${options}</arg>
<arg>add_argument</arg>
<arg>--window-size=1920,1080</arg>
<doc>Calls the named method of the given object with the provided arguments.</doc>
<status status="NOT RUN" start="2026-04-25T22:50:39.442508" elapsed="0.000000"/>
</kw>
<kw name="Open Browser" owner="SeleniumLibrary">
<arg>${BASE_URL}</arg>
<arg>chrome</arg>
<arg>options=${options}</arg>
<doc>Opens a new browser instance to the optional ``url``.</doc>
<status status="NOT RUN" start="2026-04-25T22:50:39.444072" elapsed="0.000544"/>
</kw>
<msg time="2026-04-25T22:50:39.444616" level="FAIL">Invalid IF condition: Evaluating expression "'${BROWSER}' == 'chrome'" failed: Variable '${BROWSER}' not found.</msg>
<status status="FAIL" start="2026-04-25T22:50:39.436908" elapsed="0.017911">Invalid IF condition: Evaluating expression "'${BROWSER}' == 'chrome'" failed: Variable '${BROWSER}' not found.</status>
</branch>
<branch type="ELSE IF" condition="'${BROWSER}' == 'firefox'">
<kw name="Evaluate" owner="BuiltIn">
<var>${options}</var>
<arg>__import__('selenium.webdriver').webdriver.FirefoxOptions()</arg>
<doc>Evaluates the given expression in Python and returns the result.</doc>
<status status="NOT RUN" start="2026-04-25T22:50:39.459335" elapsed="0.000000"/>
</kw>
<kw name="Call Method" owner="BuiltIn">
<arg>${options}</arg>
<arg>add_argument</arg>
<arg>--headless</arg>
<doc>Calls the named method of the given object with the provided arguments.</doc>
<status status="NOT RUN" start="2026-04-25T22:50:39.459335" elapsed="0.000000"/>
</kw>
<kw name="Open Browser" owner="SeleniumLibrary">
<arg>${BASE_URL}</arg>
<arg>firefox</arg>
<arg>options=${options}</arg>
<doc>Opens a new browser instance to the optional ``url``.</doc>
<status status="NOT RUN" start="2026-04-25T22:50:39.459335" elapsed="0.000000"/>
</kw>
<status status="NOT RUN" start="2026-04-25T22:50:39.454819" elapsed="0.004516"/>
</branch>
<branch type="ELSE">
<kw name="Fail" owner="BuiltIn">
<arg>Navigateur non supporté : ${BROWSER}</arg>
<doc>Fails the test with the given message and optionally alters its tags.</doc>
<status status="NOT RUN" start="2026-04-25T22:50:39.462891" elapsed="0.000000"/>
</kw>
<status status="NOT RUN" start="2026-04-25T22:50:39.459335" elapsed="0.003556"/>
</branch>
<status status="FAIL" start="2026-04-25T22:50:39.436908" elapsed="0.025983">Invalid IF condition: Evaluating expression "'${BROWSER}' == 'chrome'" failed: Variable '${BROWSER}' not found.</status>
</if>
<kw name="Maximize Browser Window" owner="SeleniumLibrary">
<doc>Maximizes current browser window.</doc>
<status status="NOT RUN" start="2026-04-25T22:50:39.463934" elapsed="0.000000"/>
</kw>
<kw name="Set Selenium Timeout" owner="SeleniumLibrary">
<arg>${SELENIUM_TIMEOUT}</arg>
<doc>Sets the timeout that is used by various keywords.</doc>
<status status="NOT RUN" start="2026-04-25T22:50:39.463934" elapsed="0.001053"/>
</kw>
<status status="FAIL" start="2026-04-25T22:50:39.435909" elapsed="0.029078">Invalid IF condition: Evaluating expression "'${BROWSER}' == 'chrome'" failed: Variable '${BROWSER}' not found.</status>
</kw>
<kw name="Close All Browsers" owner="SeleniumLibrary" type="TEARDOWN">
<doc>Closes all open browsers and resets the browser cache.</doc>
<status status="PASS" start="2026-04-25T22:50:39.468999" elapsed="0.000000"/>
</kw>
<status status="FAIL" start="2026-04-25T22:50:39.412262" elapsed="0.064417">Setup failed:
Invalid IF condition: Evaluating expression "'${BROWSER}' == 'chrome'" failed: Variable '${BROWSER}' not found.</status>
</test>
<test id="s1-s1-s1-t2" name="Login invalide" line="21">
<kw name="Se connecter au site" owner="base_page" type="SETUP">
<if>
<branch type="IF" condition="'${BROWSER}' == 'chrome'">
<kw name="Evaluate" owner="BuiltIn">
<var>${options}</var>
<arg>__import__('selenium.webdriver').webdriver.ChromeOptions()</arg>
<doc>Evaluates the given expression in Python and returns the result.</doc>
<status status="NOT RUN" start="2026-04-25T22:50:39.553612" elapsed="0.000999"/>
</kw>
<kw name="Call Method" owner="BuiltIn">
<arg>${options}</arg>
<arg>add_argument</arg>
<arg>--headless</arg>
<doc>Calls the named method of the given object with the provided arguments.</doc>
<status status="NOT RUN" start="2026-04-25T22:50:39.554611" elapsed="0.001993"/>
</kw>
<kw name="Call Method" owner="BuiltIn">
<arg>${options}</arg>
<arg>add_argument</arg>
<arg>--no-sandbox</arg>
<doc>Calls the named method of the given object with the provided arguments.</doc>
<status status="NOT RUN" start="2026-04-25T22:50:39.556604" elapsed="0.001003"/>
</kw>
<kw name="Call Method" owner="BuiltIn">
<arg>${options}</arg>
<arg>add_argument</arg>
<arg>--disable-dev-shm-usage</arg>
<doc>Calls the named method of the given object with the provided arguments.</doc>
<status status="NOT RUN" start="2026-04-25T22:50:39.557607" elapsed="0.001001"/>
</kw>
<kw name="Call Method" owner="BuiltIn">
<arg>${options}</arg>
<arg>add_argument</arg>
<arg>--window-size=1920,1080</arg>
<doc>Calls the named method of the given object with the provided arguments.</doc>
<status status="NOT RUN" start="2026-04-25T22:50:39.558608" elapsed="0.000996"/>
</kw>
<kw name="Open Browser" owner="SeleniumLibrary">
<arg>${BASE_URL}</arg>
<arg>chrome</arg>
<arg>options=${options}</arg>
<doc>Opens a new browser instance to the optional ``url``.</doc>
<status status="NOT RUN" start="2026-04-25T22:50:39.560630" elapsed="0.000000"/>
</kw>
<msg time="2026-04-25T22:50:39.560630" level="FAIL">Invalid IF condition: Evaluating expression "'${BROWSER}' == 'chrome'" failed: Variable '${BROWSER}' not found.</msg>
<status status="FAIL" start="2026-04-25T22:50:39.552628" elapsed="0.036696">Invalid IF condition: Evaluating expression "'${BROWSER}' == 'chrome'" failed: Variable '${BROWSER}' not found.</status>
</branch>
<branch type="ELSE IF" condition="'${BROWSER}' == 'firefox'">
<kw name="Evaluate" owner="BuiltIn">
<var>${options}</var>
<arg>__import__('selenium.webdriver').webdriver.FirefoxOptions()</arg>
<doc>Evaluates the given expression in Python and returns the result.</doc>
<status status="NOT RUN" start="2026-04-25T22:50:39.589324" elapsed="0.005047"/>
</kw>
<kw name="Call Method" owner="BuiltIn">
<arg>${options}</arg>
<arg>add_argument</arg>
<arg>--headless</arg>
<doc>Calls the named method of the given object with the provided arguments.</doc>
<status status="NOT RUN" start="2026-04-25T22:50:39.594371" elapsed="0.000000"/>
</kw>
<kw name="Open Browser" owner="SeleniumLibrary">
<arg>${BASE_URL}</arg>
<arg>firefox</arg>
<arg>options=${options}</arg>
<doc>Opens a new browser instance to the optional ``url``.</doc>
<status status="NOT RUN" start="2026-04-25T22:50:39.598654" elapsed="0.000000"/>
</kw>
<status status="NOT RUN" start="2026-04-25T22:50:39.589324" elapsed="0.010325"/>
</branch>
<branch type="ELSE">
<kw name="Fail" owner="BuiltIn">
<arg>Navigateur non supporté : ${BROWSER}</arg>
<doc>Fails the test with the given message and optionally alters its tags.</doc>
<status status="NOT RUN" start="2026-04-25T22:50:39.599649" elapsed="0.001003"/>
</kw>
<status status="NOT RUN" start="2026-04-25T22:50:39.599649" elapsed="0.001003"/>
</branch>
<status status="FAIL" start="2026-04-25T22:50:39.552628" elapsed="0.049020">Invalid IF condition: Evaluating expression "'${BROWSER}' == 'chrome'" failed: Variable '${BROWSER}' not found.</status>
</if>
<kw name="Maximize Browser Window" owner="SeleniumLibrary">
<doc>Maximizes current browser window.</doc>
<status status="NOT RUN" start="2026-04-25T22:50:39.601648" elapsed="0.000000"/>
</kw>
<kw name="Set Selenium Timeout" owner="SeleniumLibrary">
<arg>${SELENIUM_TIMEOUT}</arg>
<doc>Sets the timeout that is used by various keywords.</doc>
<status status="NOT RUN" start="2026-04-25T22:50:39.602667" elapsed="0.000000"/>
</kw>
<status status="FAIL" start="2026-04-25T22:50:39.551608" elapsed="0.052040">Invalid IF condition: Evaluating expression "'${BROWSER}' == 'chrome'" failed: Variable '${BROWSER}' not found.</status>
</kw>
<kw name="Close All Browsers" owner="SeleniumLibrary" type="TEARDOWN">
<doc>Closes all open browsers and resets the browser cache.</doc>
<status status="PASS" start="2026-04-25T22:50:39.736218" elapsed="0.001997"/>
</kw>
<status status="FAIL" start="2026-04-25T22:50:39.494934" elapsed="0.298800">Setup failed:
Invalid IF condition: Evaluating expression "'${BROWSER}' == 'chrome'" failed: Variable '${BROWSER}' not found.</status>
</test>
<status status="FAIL" start="2026-04-25T22:50:38.755252" elapsed="1.088524"/>
</suite>
<status status="FAIL" start="2026-04-25T22:50:38.724835" elapsed="1.136186"/>
</suite>
<status status="FAIL" start="2026-04-25T22:50:38.612763" elapsed="1.270256"/>
</suite>
<statistics>
<total>
<stat pass="0" fail="2" skip="0">All Tests</stat>
</total>
<tag>
</tag>
<suite>
<stat pass="0" fail="2" skip="0" id="s1" name="Robot Project">Robot Project</stat>
<stat pass="0" fail="2" skip="0" id="s1-s1" name="Tests">Robot Project.Tests</stat>
<stat pass="0" fail="2" skip="0" id="s1-s1-s1" name="Login Test">Robot Project.Tests.Login Test</stat>
</suite>
</statistics>
<errors>
</errors>
</robot>
